Arguments: 
  /usr/local/Cellar/node/13.8.0/bin/node /Users/ikeybenz/.yarn/bin/yarn.js add @modiapp/client

PATH: 
  /Users/ikeybenz/google-cloud-sdk/bin:/Users/ikeybenz/bin:/usr/local/opt/ruby/bin:/Users/ikeybenz/.yarn/bin:/Users/ikeybenz/.config/yarn/global/node_modules/.bin:/Users/ikeybenz/.fastlane/bin:/usr/local/opt/node@12/bin:/usr/local/bin:/usr/bin:/bin:/usr/sbin:/sbin:/Library/Apple/usr/bin:/Users/ikeybenz/google-cloud-sdk/bin:/Users/ikeybenz/bin:/usr/local/opt/ruby/bin:/Users/ikeybenz/.yarn/bin:/Users/ikeybenz/.config/yarn/global/node_modules/.bin:/Users/ikeybenz/.fastlane/bin:/usr/local/opt/node@12/bin:/Users/ikeybenz/Library/Android/sdk/emulator:/Users/ikeybenz/Library/Android/sdk/tools:/Users/ikeybenz/Library/Android/sdk/tools/bin:/Users/ikeybenz/Library/Android/sdk/platform-tools:/Users/ikeybenz/Library/Android/sdk/emulator:/Users/ikeybenz/Library/Android/sdk/tools:/Users/ikeybenz/Library/Android/sdk/tools/bin:/Users/ikeybenz/Library/Android/sdk/platform-tools

Yarn version: 
  1.22.5

Node version: 
  13.8.0

Platform: 
  darwin x64

Trace: 
  Error: Failed to replace env in config: ${GH_AUTH_TOKEN}
      at /Users/ikeybenz/.yarn/lib/cli.js:98870:13
      at String.replace (<anonymous>)
      at envReplace (/Users/ikeybenz/.yarn/lib/cli.js:98865:16)
      at Function.normalizeConfig (/Users/ikeybenz/.yarn/lib/cli.js:31887:69)
      at NpmRegistry.<anonymous> (/Users/ikeybenz/.yarn/lib/cli.js:31917:34)
      at Generator.next (<anonymous>)
      at step (/Users/ikeybenz/.yarn/lib/cli.js:310:30)
      at /Users/ikeybenz/.yarn/lib/cli.js:321:13

npm manifest: 
  {
    "name": "@modi/server",
    "version": "1.0.0",
    "description": "The lobby socket and game socket server for ModiGameClient",
    "main": "index.js",
    "scripts": {
      "build": "tsc -p tsconfig.build.json",
      "prestart": "yarn build",
      "start": "node dist/index.js",
      "test": "jest --verbose --watch-All --coverage",
      "tsc": "tsc -p tsconfig.build.json --watch",
      "nodemon": "nodemon dist/index.js"
    },
    "keywords": [],
    "author": "",
    "license": "ISC",
    "dependencies": {
      "@modiapp/client": "^0.6.7",
      "express": "^4.17.1",
      "lodash": "^4.17.20",
      "socket.io": "^2.3.0",
      "winston": "^2.4.4"
    },
    "devDependencies": {
      "@types/express": "^4.17.8",
      "@types/jest": "^26.0.15",
      "@types/lodash": "^4.14.162",
      "@types/node": "^14.11.8",
      "@types/socket.io": "^2.1.11",
      "@types/socket.io-client": "^1.4.34",
      "@typescript-eslint/eslint-plugin": "^4.4.1",
      "@typescript-eslint/parser": "^4.4.1",
      "eslint": "^7.11.0",
      "eslint-config-google": "^0.14.0",
      "eslint-config-prettier": "^6.12.0",
      "eslint-plugin-prettier": "^3.1.4",
      "jest": "^25.2.3",
      "nodemon": "^2.0.5",
      "prettier": "^2.1.2",
      "socket.io-client": "^2.3.0",
      "ts-jest": "^26.4.1",
      "typescript": "^4.0.3"
    },
    "eslintConfig": {
      "env": {
        "es6": true,
        "node": true
      },
      "extends": [
        "google",
        "prettier"
      ],
      "globals": {
        "Atomics": "readonly",
        "SharedArrayBuffer": "readonly"
      },
      "parser": "@typescript-eslint/parser",
      "parserOptions": {
        "ecmaVersion": 2018,
        "sourceType": "module"
      },
      "plugins": [
        "@typescript-eslint",
        "prettier"
      ],
      "ignorePatterns": [
        "dist/*"
      ],
      "rules": {
        "prettier/prettier": [
          "error",
          {
            "parser": "typescript",
            "bracketSpacing": true,
            "singleQuote": true,
            "trailingComma": "all"
          }
        ],
        "require-jsdoc": "off",
        "valid-jsdoc": "off",
        "no-unused-vars": "off"
      }
    },
    "jest": {
      "preset": "ts-jest",
      "testEnvironment": "node",
      "setupFiles": [
        "./test/setupTests.ts"
      ]
    }
  }

yarn manifest: 
  No manifest

Lockfile: 
  No lockfile
